2025-02-11 09:05:55 [background-preinit] INFO  o.h.validator.internal.util.Version - HV000001: Hibernate Validator 8.0.1.Final
2025-02-11 09:05:55 [main] INFO  c.e.i.IdentityServiceApplication - Starting IdentityServiceApplication using Java 23.0.2 with PID 30692 (C:\Code\Java\identity_service\target\classes started by Duong in C:\Code\Java\identity_service)
2025-02-11 09:05:55 [main] INFO  c.e.i.IdentityServiceApplication - The following 1 profile is active: "prod"
2025-02-11 09:05:56 [main] INFO  o.s.d.r.c.RepositoryConfigurationDelegate - Bootstrapping Spring Data JPA repositories in DEFAULT mode.
2025-02-11 09:05:56 [main] INFO  o.s.d.r.c.RepositoryConfigurationDelegate - Finished Spring Data repository scanning in 70 ms. Found 12 JPA repository interfaces.
2025-02-11 09:05:56 [main] INFO  o.s.b.w.e.tomcat.TomcatWebServer - Tomcat initialized with port 8080 (http)
2025-02-11 09:05:56 [main] INFO  o.a.coyote.http11.Http11NioProtocol - Initializing ProtocolHandler ["http-nio-8080"]
2025-02-11 09:05:56 [main] INFO  o.a.catalina.core.StandardService - Starting service [Tomcat]
2025-02-11 09:05:56 [main] INFO  o.a.catalina.core.StandardEngine - Starting Servlet engine: [Apache Tomcat/10.1.18]
2025-02-11 09:05:56 [main] INFO  o.a.c.c.C.[.[.[/identity_service] - Initializing Spring embedded WebApplicationContext
2025-02-11 09:05:56 [main] INFO  o.s.b.w.s.c.ServletWebServerApplicationContext - Root WebApplicationContext: initialization completed in 1383 ms
2025-02-11 09:05:56 [main] INFO  o.h.jpa.internal.util.LogHelper - HHH000204: Processing PersistenceUnitInfo [name: default]
2025-02-11 09:05:56 [main] INFO  org.hibernate.Version - HHH000412: Hibernate ORM core version 6.4.1.Final
2025-02-11 09:05:56 [main] INFO  o.h.c.i.RegionFactoryInitiator - HHH000026: Second-level cache disabled
2025-02-11 09:05:57 [main] INFO  o.s.o.j.p.SpringPersistenceUnitInfo - No LoadTimeWeaver setup: ignoring JPA class transformer
2025-02-11 09:05:57 [main] INFO  com.zaxxer.hikari.HikariDataSource - HikariPool-1 - Starting...
2025-02-11 09:05:57 [main] INFO  com.zaxxer.hikari.pool.HikariPool - HikariPool-1 - Added connection com.mysql.cj.jdbc.ConnectionImpl@3b42b729
2025-02-11 09:05:57 [main] INFO  com.zaxxer.hikari.HikariDataSource - HikariPool-1 - Start completed.
2025-02-11 09:05:58 [main] INFO  o.h.e.t.j.p.i.JtaPlatformInitiator - HHH000489: No JTA platform available (set 'hibernate.transaction.jta.platform' to enable JTA platform integration)
2025-02-11 09:05:58 [main] INFO  o.s.o.j.LocalContainerEntityManagerFactoryBean - Initialized JPA EntityManagerFactory for persistence unit 'default'
2025-02-11 09:05:59 [main] INFO  o.s.d.j.r.query.QueryEnhancerFactory - Hibernate is in classpath; If applicable, HQL parser will be used.
2025-02-11 09:06:00 [main] WARN  o.s.b.a.o.j.JpaBaseConfiguration$JpaWebConfiguration - spring.jpa.open-in-view is enabled by default. Therefore, database queries may be performed during view rendering. Explicitly configure spring.jpa.open-in-view to disable this warning
2025-02-11 09:06:00 [main] INFO  o.s.s.web.DefaultSecurityFilterChain - Will secure any request with [org.springframework.security.web.session.DisableEncodeUrlFilter@7b80be13, org.springframework.security.web.context.request.async.WebAsyncManagerIntegrationFilter@1a8e209b, org.springframework.security.web.context.SecurityContextHolderFilter@4cef1ea6, org.springframework.security.web.header.HeaderWriterFilter@5b1505c3, org.springframework.web.filter.CorsFilter@48e1e18a, org.springframework.security.web.authentication.logout.LogoutFilter@4de3a1ca, org.springframework.security.oauth2.server.resource.web.authentication.BearerTokenAuthenticationFilter@3776c917, org.springframework.security.web.savedrequest.RequestCacheAwareFilter@21eb33d4, org.springframework.security.web.servletapi.SecurityContextHolderAwareRequestFilter@6a636c62, org.springframework.security.web.authentication.AnonymousAuthenticationFilter@1b316cac, org.springframework.security.web.access.ExceptionTranslationFilter@3df05c40, org.springframework.security.web.access.intercept.AuthorizationFilter@2d95c3ef]
2025-02-11 09:06:00 [main] INFO  o.a.coyote.http11.Http11NioProtocol - Starting ProtocolHandler ["http-nio-8080"]
2025-02-11 09:06:00 [main] INFO  o.s.b.w.e.tomcat.TomcatWebServer - Tomcat started on port 8080 (http) with context path '/identity_service'
2025-02-11 09:06:00 [main] INFO  c.e.i.IdentityServiceApplication - Started IdentityServiceApplication in 6.065 seconds (process running for 6.971)
2025-02-11 09:06:33 [http-nio-8080-exec-1] INFO  o.a.c.c.C.[.[.[/identity_service] - Initializing Spring DispatcherServlet 'dispatcherServlet'
2025-02-11 09:06:33 [http-nio-8080-exec-1] INFO  o.s.web.servlet.DispatcherServlet - Initializing Servlet 'dispatcherServlet'
2025-02-11 09:06:33 [http-nio-8080-exec-1] INFO  o.s.web.servlet.DispatcherServlet - Completed initialization in 1 ms
2025-02-11 09:06:33 [http-nio-8080-exec-1] INFO  c.e.i.service.CategoryService - Fetching all categories
2025-02-11 09:06:33 [http-nio-8080-exec-2] INFO  c.e.i.service.CategoryService - Fetching all categories
2025-02-11 09:08:40 [http-nio-8080-exec-2] INFO  c.e.i.service.CategoryService - Fetching all categories
2025-02-11 09:08:40 [http-nio-8080-exec-10] INFO  c.e.i.service.CategoryService - Fetching all categories
2025-02-11 09:09:42 [SpringApplicationShutdownHook] INFO  o.s.o.j.LocalContainerEntityManagerFactoryBean - Closing JPA EntityManagerFactory for persistence unit 'default'
2025-02-11 09:09:42 [SpringApplicationShutdownHook] INFO  com.zaxxer.hikari.HikariDataSource - HikariPool-1 - Shutdown initiated...
2025-02-11 09:09:42 [SpringApplicationShutdownHook] INFO  com.zaxxer.hikari.HikariDataSource - HikariPool-1 - Shutdown completed.
2025-02-11 09:11:32 [background-preinit] INFO  o.h.validator.internal.util.Version - HV000001: Hibernate Validator 8.0.1.Final
2025-02-11 09:11:32 [main] INFO  c.e.i.IdentityServiceApplication - Starting IdentityServiceApplication using Java 23.0.2 with PID 30460 (C:\Code\Java\identity_service\target\classes started by Duong in C:\Code\Java\identity_service)
2025-02-11 09:11:32 [main] INFO  c.e.i.IdentityServiceApplication - The following 1 profile is active: "prod"
2025-02-11 09:11:33 [main] INFO  o.s.d.r.c.RepositoryConfigurationDelegate - Bootstrapping Spring Data JPA repositories in DEFAULT mode.
2025-02-11 09:11:33 [main] INFO  o.s.d.r.c.RepositoryConfigurationDelegate - Finished Spring Data repository scanning in 74 ms. Found 12 JPA repository interfaces.
2025-02-11 09:11:33 [main] INFO  o.s.b.w.e.tomcat.TomcatWebServer - Tomcat initialized with port 8080 (http)
2025-02-11 09:11:33 [main] INFO  o.a.coyote.http11.Http11NioProtocol - Initializing ProtocolHandler ["http-nio-8080"]
2025-02-11 09:11:33 [main] INFO  o.a.catalina.core.StandardService - Starting service [Tomcat]
2025-02-11 09:11:33 [main] INFO  o.a.catalina.core.StandardEngine - Starting Servlet engine: [Apache Tomcat/10.1.18]
2025-02-11 09:11:33 [main] INFO  o.a.c.c.C.[.[.[/identity_service] - Initializing Spring embedded WebApplicationContext
2025-02-11 09:11:33 [main] INFO  o.s.b.w.s.c.ServletWebServerApplicationContext - Root WebApplicationContext: initialization completed in 1317 ms
2025-02-11 09:11:33 [main] INFO  o.h.jpa.internal.util.LogHelper - HHH000204: Processing PersistenceUnitInfo [name: default]
2025-02-11 09:11:33 [main] INFO  org.hibernate.Version - HHH000412: Hibernate ORM core version 6.4.1.Final
2025-02-11 09:11:33 [main] INFO  o.h.c.i.RegionFactoryInitiator - HHH000026: Second-level cache disabled
2025-02-11 09:11:34 [main] INFO  o.s.o.j.p.SpringPersistenceUnitInfo - No LoadTimeWeaver setup: ignoring JPA class transformer
2025-02-11 09:11:34 [main] INFO  com.zaxxer.hikari.HikariDataSource - HikariPool-1 - Starting...
2025-02-11 09:11:34 [main] INFO  com.zaxxer.hikari.pool.HikariPool - HikariPool-1 - Added connection com.mysql.cj.jdbc.ConnectionImpl@25b20860
2025-02-11 09:11:34 [main] INFO  com.zaxxer.hikari.HikariDataSource - HikariPool-1 - Start completed.
2025-02-11 09:11:35 [main] INFO  o.h.e.t.j.p.i.JtaPlatformInitiator - HHH000489: No JTA platform available (set 'hibernate.transaction.jta.platform' to enable JTA platform integration)
2025-02-11 09:11:35 [main] INFO  o.s.o.j.LocalContainerEntityManagerFactoryBean - Initialized JPA EntityManagerFactory for persistence unit 'default'
2025-02-11 09:11:36 [main] INFO  o.s.d.j.r.query.QueryEnhancerFactory - Hibernate is in classpath; If applicable, HQL parser will be used.
2025-02-11 09:11:36 [main] WARN  o.s.b.a.o.j.JpaBaseConfiguration$JpaWebConfiguration - spring.jpa.open-in-view is enabled by default. Therefore, database queries may be performed during view rendering. Explicitly configure spring.jpa.open-in-view to disable this warning
2025-02-11 09:11:37 [main] INFO  o.s.s.web.DefaultSecurityFilterChain - Will secure any request with [org.springframework.security.web.session.DisableEncodeUrlFilter@77cac3b, org.springframework.security.web.context.request.async.WebAsyncManagerIntegrationFilter@3167c0d, org.springframework.security.web.context.SecurityContextHolderFilter@6258ea84, org.springframework.security.web.header.HeaderWriterFilter@774f2d7f, org.springframework.web.filter.CorsFilter@7fd624f5, org.springframework.security.web.authentication.logout.LogoutFilter@1df1bd44, org.springframework.security.oauth2.server.resource.web.authentication.BearerTokenAuthenticationFilter@35984172, org.springframework.security.web.savedrequest.RequestCacheAwareFilter@6a275836, org.springframework.security.web.servletapi.SecurityContextHolderAwareRequestFilter@1a6864f0, org.springframework.security.web.authentication.AnonymousAuthenticationFilter@74f23ecc, org.springframework.security.web.access.ExceptionTranslationFilter@62808e8d, org.springframework.security.web.access.intercept.AuthorizationFilter@7b80be13]
2025-02-11 09:11:37 [main] INFO  o.a.coyote.http11.Http11NioProtocol - Starting ProtocolHandler ["http-nio-8080"]
2025-02-11 09:11:37 [main] INFO  o.s.b.w.e.tomcat.TomcatWebServer - Tomcat started on port 8080 (http) with context path '/identity_service'
2025-02-11 09:11:37 [main] INFO  c.e.i.IdentityServiceApplication - Started IdentityServiceApplication in 5.846 seconds (process running for 6.483)
2025-02-11 09:12:21 [SpringApplicationShutdownHook] INFO  o.s.o.j.LocalContainerEntityManagerFactoryBean - Closing JPA EntityManagerFactory for persistence unit 'default'
2025-02-11 09:12:21 [SpringApplicationShutdownHook] INFO  com.zaxxer.hikari.HikariDataSource - HikariPool-1 - Shutdown initiated...
2025-02-11 09:12:21 [SpringApplicationShutdownHook] INFO  com.zaxxer.hikari.HikariDataSource - HikariPool-1 - Shutdown completed.
2025-02-11 09:12:31 [background-preinit] INFO  o.h.validator.internal.util.Version - HV000001: Hibernate Validator 8.0.1.Final
2025-02-11 09:12:31 [main] INFO  c.e.i.IdentityServiceApplication - Starting IdentityServiceApplication using Java 23.0.2 with PID 18804 (C:\Code\Java\identity_service\target\classes started by Duong in C:\Code\Java\identity_service)
2025-02-11 09:12:31 [main] INFO  c.e.i.IdentityServiceApplication - The following 1 profile is active: "prod"
2025-02-11 09:12:32 [main] INFO  o.s.d.r.c.RepositoryConfigurationDelegate - Bootstrapping Spring Data JPA repositories in DEFAULT mode.
2025-02-11 09:12:32 [main] INFO  o.s.d.r.c.RepositoryConfigurationDelegate - Finished Spring Data repository scanning in 73 ms. Found 12 JPA repository interfaces.
2025-02-11 09:12:33 [main] INFO  o.s.b.w.e.tomcat.TomcatWebServer - Tomcat initialized with port 8080 (http)
2025-02-11 09:12:33 [main] INFO  o.a.coyote.http11.Http11NioProtocol - Initializing ProtocolHandler ["http-nio-8080"]
2025-02-11 09:12:33 [main] INFO  o.a.catalina.core.StandardService - Starting service [Tomcat]
2025-02-11 09:12:33 [main] INFO  o.a.catalina.core.StandardEngine - Starting Servlet engine: [Apache Tomcat/10.1.18]
2025-02-11 09:12:33 [main] INFO  o.a.c.c.C.[.[.[/identity_service] - Initializing Spring embedded WebApplicationContext
2025-02-11 09:12:33 [main] INFO  o.s.b.w.s.c.ServletWebServerApplicationContext - Root WebApplicationContext: initialization completed in 1323 ms
2025-02-11 09:12:33 [main] INFO  o.h.jpa.internal.util.LogHelper - HHH000204: Processing PersistenceUnitInfo [name: default]
2025-02-11 09:12:33 [main] INFO  org.hibernate.Version - HHH000412: Hibernate ORM core version 6.4.1.Final
2025-02-11 09:12:33 [main] INFO  o.h.c.i.RegionFactoryInitiator - HHH000026: Second-level cache disabled
2025-02-11 09:12:33 [main] INFO  o.s.o.j.p.SpringPersistenceUnitInfo - No LoadTimeWeaver setup: ignoring JPA class transformer
2025-02-11 09:12:33 [main] INFO  com.zaxxer.hikari.HikariDataSource - HikariPool-1 - Starting...
2025-02-11 09:12:33 [main] INFO  com.zaxxer.hikari.pool.HikariPool - HikariPool-1 - Added connection com.mysql.cj.jdbc.ConnectionImpl@7c0ff7a0
2025-02-11 09:12:33 [main] INFO  com.zaxxer.hikari.HikariDataSource - HikariPool-1 - Start completed.
2025-02-11 09:12:35 [main] INFO  o.h.e.t.j.p.i.JtaPlatformInitiator - HHH000489: No JTA platform available (set 'hibernate.transaction.jta.platform' to enable JTA platform integration)
2025-02-11 09:12:35 [main] INFO  o.s.o.j.LocalContainerEntityManagerFactoryBean - Initialized JPA EntityManagerFactory for persistence unit 'default'
2025-02-11 09:12:35 [main] INFO  o.s.d.j.r.query.QueryEnhancerFactory - Hibernate is in classpath; If applicable, HQL parser will be used.
2025-02-11 09:12:36 [main] WARN  o.s.b.a.o.j.JpaBaseConfiguration$JpaWebConfiguration - spring.jpa.open-in-view is enabled by default. Therefore, database queries may be performed during view rendering. Explicitly configure spring.jpa.open-in-view to disable this warning
2025-02-11 09:12:36 [main] INFO  o.s.s.web.DefaultSecurityFilterChain - Will secure any request with [org.springframework.security.web.session.DisableEncodeUrlFilter@35e55afa, org.springframework.security.web.context.request.async.WebAsyncManagerIntegrationFilter@559baea1, org.springframework.security.web.context.SecurityContextHolderFilter@20bd4fd2, org.springframework.security.web.header.HeaderWriterFilter@20bd3082, org.springframework.web.filter.CorsFilter@16ac67e3, org.springframework.security.web.authentication.logout.LogoutFilter@4a547f9d, org.springframework.security.oauth2.server.resource.web.authentication.BearerTokenAuthenticationFilter@1bc41170, org.springframework.security.web.savedrequest.RequestCacheAwareFilter@1ebb6e20, org.springframework.security.web.servletapi.SecurityContextHolderAwareRequestFilter@85420, org.springframework.security.web.authentication.AnonymousAuthenticationFilter@6eef7af3, org.springframework.security.web.access.ExceptionTranslationFilter@19324eab, org.springframework.security.web.access.intercept.AuthorizationFilter@6dac64ea]
2025-02-11 09:12:36 [main] INFO  o.a.coyote.http11.Http11NioProtocol - Starting ProtocolHandler ["http-nio-8080"]
2025-02-11 09:12:36 [main] INFO  o.s.b.w.e.tomcat.TomcatWebServer - Tomcat started on port 8080 (http) with context path '/identity_service'
2025-02-11 09:12:36 [main] INFO  c.e.i.IdentityServiceApplication - Started IdentityServiceApplication in 5.891 seconds (process running for 6.596)
2025-02-11 09:17:15 [SpringApplicationShutdownHook] INFO  o.s.o.j.LocalContainerEntityManagerFactoryBean - Closing JPA EntityManagerFactory for persistence unit 'default'
2025-02-11 09:17:15 [SpringApplicationShutdownHook] INFO  com.zaxxer.hikari.HikariDataSource - HikariPool-1 - Shutdown initiated...
2025-02-11 09:17:15 [SpringApplicationShutdownHook] INFO  com.zaxxer.hikari.HikariDataSource - HikariPool-1 - Shutdown completed.
2025-02-11 09:17:28 [background-preinit] INFO  o.h.validator.internal.util.Version - HV000001: Hibernate Validator 8.0.1.Final
2025-02-11 09:17:28 [main] INFO  c.e.i.IdentityServiceApplication - Starting IdentityServiceApplication using Java 23.0.2 with PID 4648 (C:\Code\Java\identity_service\target\classes started by Duong in C:\Code\Java\identity_service)
2025-02-11 09:17:28 [main] INFO  c.e.i.IdentityServiceApplication - The following 1 profile is active: "prod"
2025-02-11 09:17:29 [main] INFO  o.s.d.r.c.RepositoryConfigurationDelegate - Bootstrapping Spring Data JPA repositories in DEFAULT mode.
2025-02-11 09:17:29 [main] INFO  o.s.d.r.c.RepositoryConfigurationDelegate - Finished Spring Data repository scanning in 78 ms. Found 12 JPA repository interfaces.
2025-02-11 09:17:29 [main] INFO  o.s.b.w.e.tomcat.TomcatWebServer - Tomcat initialized with port 8080 (http)
2025-02-11 09:17:29 [main] INFO  o.a.coyote.http11.Http11NioProtocol - Initializing ProtocolHandler ["http-nio-8080"]
2025-02-11 09:17:29 [main] INFO  o.a.catalina.core.StandardService - Starting service [Tomcat]
2025-02-11 09:17:29 [main] INFO  o.a.catalina.core.StandardEngine - Starting Servlet engine: [Apache Tomcat/10.1.18]
2025-02-11 09:17:29 [main] INFO  o.a.c.c.C.[.[.[/identity_service] - Initializing Spring embedded WebApplicationContext
2025-02-11 09:17:29 [main] INFO  o.s.b.w.s.c.ServletWebServerApplicationContext - Root WebApplicationContext: initialization completed in 1330 ms
2025-02-11 09:17:29 [main] INFO  o.h.jpa.internal.util.LogHelper - HHH000204: Processing PersistenceUnitInfo [name: default]
2025-02-11 09:17:29 [main] INFO  org.hibernate.Version - HHH000412: Hibernate ORM core version 6.4.1.Final
2025-02-11 09:17:29 [main] INFO  o.h.c.i.RegionFactoryInitiator - HHH000026: Second-level cache disabled
2025-02-11 09:17:30 [main] INFO  o.s.o.j.p.SpringPersistenceUnitInfo - No LoadTimeWeaver setup: ignoring JPA class transformer
2025-02-11 09:17:30 [main] INFO  com.zaxxer.hikari.HikariDataSource - HikariPool-1 - Starting...
2025-02-11 09:17:30 [main] INFO  com.zaxxer.hikari.pool.HikariPool - HikariPool-1 - Added connection com.mysql.cj.jdbc.ConnectionImpl@4e10a320
2025-02-11 09:17:30 [main] INFO  com.zaxxer.hikari.HikariDataSource - HikariPool-1 - Start completed.
2025-02-11 09:17:31 [main] INFO  o.h.e.t.j.p.i.JtaPlatformInitiator - HHH000489: No JTA platform available (set 'hibernate.transaction.jta.platform' to enable JTA platform integration)
2025-02-11 09:17:31 [main] INFO  o.s.o.j.LocalContainerEntityManagerFactoryBean - Initialized JPA EntityManagerFactory for persistence unit 'default'
2025-02-11 09:17:32 [main] INFO  o.s.d.j.r.query.QueryEnhancerFactory - Hibernate is in classpath; If applicable, HQL parser will be used.
2025-02-11 09:17:32 [main] WARN  o.s.b.a.o.j.JpaBaseConfiguration$JpaWebConfiguration - spring.jpa.open-in-view is enabled by default. Therefore, database queries may be performed during view rendering. Explicitly configure spring.jpa.open-in-view to disable this warning
2025-02-11 09:17:33 [main] INFO  o.s.s.web.DefaultSecurityFilterChain - Will secure any request with [org.springframework.security.web.session.DisableEncodeUrlFilter@18f6ccf4, org.springframework.security.web.context.request.async.WebAsyncManagerIntegrationFilter@72dc9f9d, org.springframework.security.web.context.SecurityContextHolderFilter@52a1d6f, org.springframework.security.web.header.HeaderWriterFilter@f2120d5, org.springframework.web.filter.CorsFilter@2f403d0a, org.springframework.security.web.authentication.logout.LogoutFilter@2762e9a7, org.springframework.security.oauth2.server.resource.web.authentication.BearerTokenAuthenticationFilter@4e6f3d08, org.springframework.security.web.savedrequest.RequestCacheAwareFilter@6c96e1d5, org.springframework.security.web.servletapi.SecurityContextHolderAwareRequestFilter@58e9375b, org.springframework.security.web.authentication.AnonymousAuthenticationFilter@45ec6bb3, org.springframework.security.web.access.ExceptionTranslationFilter@48332a63, org.springframework.security.web.access.intercept.AuthorizationFilter@1bd98c48]
2025-02-11 09:17:33 [main] INFO  o.a.coyote.http11.Http11NioProtocol - Starting ProtocolHandler ["http-nio-8080"]
2025-02-11 09:17:33 [main] INFO  o.s.b.w.e.tomcat.TomcatWebServer - Tomcat started on port 8080 (http) with context path '/identity_service'
2025-02-11 09:17:33 [main] INFO  c.e.i.IdentityServiceApplication - Started IdentityServiceApplication in 5.712 seconds (process running for 6.523)
2025-02-11 09:17:48 [http-nio-8080-exec-3] INFO  o.a.c.c.C.[.[.[/identity_service] - Initializing Spring DispatcherServlet 'dispatcherServlet'
2025-02-11 09:17:48 [http-nio-8080-exec-3] INFO  o.s.web.servlet.DispatcherServlet - Initializing Servlet 'dispatcherServlet'
2025-02-11 09:17:48 [http-nio-8080-exec-3] INFO  o.s.web.servlet.DispatcherServlet - Completed initialization in 1 ms
2025-02-11 09:28:26 [SpringApplicationShutdownHook] INFO  o.s.o.j.LocalContainerEntityManagerFactoryBean - Closing JPA EntityManagerFactory for persistence unit 'default'
2025-02-11 09:28:26 [SpringApplicationShutdownHook] INFO  com.zaxxer.hikari.HikariDataSource - HikariPool-1 - Shutdown initiated...
2025-02-11 09:28:26 [SpringApplicationShutdownHook] INFO  com.zaxxer.hikari.HikariDataSource - HikariPool-1 - Shutdown completed.
2025-02-11 09:28:36 [background-preinit] INFO  o.h.validator.internal.util.Version - HV000001: Hibernate Validator 8.0.1.Final
2025-02-11 09:28:36 [main] INFO  c.e.i.IdentityServiceApplication - Starting IdentityServiceApplication using Java 23.0.2 with PID 19916 (C:\Code\Java\identity_service\target\classes started by Duong in C:\Code\Java\identity_service)
2025-02-11 09:28:36 [main] INFO  c.e.i.IdentityServiceApplication - The following 1 profile is active: "prod"
2025-02-11 09:28:37 [main] INFO  o.s.d.r.c.RepositoryConfigurationDelegate - Bootstrapping Spring Data JPA repositories in DEFAULT mode.
2025-02-11 09:28:37 [main] INFO  o.s.d.r.c.RepositoryConfigurationDelegate - Finished Spring Data repository scanning in 116 ms. Found 12 JPA repository interfaces.
2025-02-11 09:28:38 [main] INFO  o.s.b.w.e.tomcat.TomcatWebServer - Tomcat initialized with port 8080 (http)
2025-02-11 09:28:38 [main] INFO  o.a.coyote.http11.Http11NioProtocol - Initializing ProtocolHandler ["http-nio-8080"]
2025-02-11 09:28:38 [main] INFO  o.a.catalina.core.StandardService - Starting service [Tomcat]
2025-02-11 09:28:38 [main] INFO  o.a.catalina.core.StandardEngine - Starting Servlet engine: [Apache Tomcat/10.1.18]
2025-02-11 09:28:38 [main] INFO  o.a.c.c.C.[.[.[/identity_service] - Initializing Spring embedded WebApplicationContext
2025-02-11 09:28:38 [main] INFO  o.s.b.w.s.c.ServletWebServerApplicationContext - Root WebApplicationContext: initialization completed in 1886 ms
2025-02-11 09:28:38 [main] INFO  o.h.jpa.internal.util.LogHelper - HHH000204: Processing PersistenceUnitInfo [name: default]
2025-02-11 09:28:38 [main] INFO  org.hibernate.Version - HHH000412: Hibernate ORM core version 6.4.1.Final
2025-02-11 09:28:38 [main] INFO  o.h.c.i.RegionFactoryInitiator - HHH000026: Second-level cache disabled
2025-02-11 09:28:38 [main] INFO  o.s.o.j.p.SpringPersistenceUnitInfo - No LoadTimeWeaver setup: ignoring JPA class transformer
2025-02-11 09:28:38 [main] INFO  com.zaxxer.hikari.HikariDataSource - HikariPool-1 - Starting...
2025-02-11 09:28:39 [main] INFO  com.zaxxer.hikari.pool.HikariPool - HikariPool-1 - Added connection com.mysql.cj.jdbc.ConnectionImpl@7962a746
2025-02-11 09:28:39 [main] INFO  com.zaxxer.hikari.HikariDataSource - HikariPool-1 - Start completed.
2025-02-11 09:28:40 [main] INFO  o.h.e.t.j.p.i.JtaPlatformInitiator - HHH000489: No JTA platform available (set 'hibernate.transaction.jta.platform' to enable JTA platform integration)
2025-02-11 09:28:41 [main] INFO  o.s.o.j.LocalContainerEntityManagerFactoryBean - Initialized JPA EntityManagerFactory for persistence unit 'default'
2025-02-11 09:28:41 [main] INFO  o.s.d.j.r.query.QueryEnhancerFactory - Hibernate is in classpath; If applicable, HQL parser will be used.
2025-02-11 09:28:42 [main] WARN  o.s.b.a.o.j.JpaBaseConfiguration$JpaWebConfiguration - spring.jpa.open-in-view is enabled by default. Therefore, database queries may be performed during view rendering. Explicitly configure spring.jpa.open-in-view to disable this warning
2025-02-11 09:28:42 [main] INFO  o.s.s.web.DefaultSecurityFilterChain - Will secure any request with [org.springframework.security.web.session.DisableEncodeUrlFilter@7952348f, org.springframework.security.web.context.request.async.WebAsyncManagerIntegrationFilter@4f3d49e4, org.springframework.security.web.context.SecurityContextHolderFilter@36a65069, org.springframework.security.web.header.HeaderWriterFilter@2026af0, org.springframework.web.filter.CorsFilter@19565b5, org.springframework.security.web.authentication.logout.LogoutFilter@59e02113, org.springframework.security.oauth2.server.resource.web.authentication.BearerTokenAuthenticationFilter@4ebf82d9, org.springframework.security.web.savedrequest.RequestCacheAwareFilter@5b8e2ea7, org.springframework.security.web.servletapi.SecurityContextHolderAwareRequestFilter@6b994b71, org.springframework.security.web.authentication.AnonymousAuthenticationFilter@7d26b390, org.springframework.security.web.access.ExceptionTranslationFilter@280d1d8d, org.springframework.security.web.access.intercept.AuthorizationFilter@3e6a55fb]
2025-02-11 09:28:42 [main] INFO  o.a.coyote.http11.Http11NioProtocol - Starting ProtocolHandler ["http-nio-8080"]
2025-02-11 09:28:42 [main] INFO  o.s.b.w.e.tomcat.TomcatWebServer - Tomcat started on port 8080 (http) with context path '/identity_service'
2025-02-11 09:28:42 [main] INFO  c.e.i.IdentityServiceApplication - Started IdentityServiceApplication in 7.532 seconds (process running for 8.506)
2025-02-11 09:28:51 [SpringApplicationShutdownHook] INFO  o.s.o.j.LocalContainerEntityManagerFactoryBean - Closing JPA EntityManagerFactory for persistence unit 'default'
2025-02-11 09:28:51 [SpringApplicationShutdownHook] INFO  com.zaxxer.hikari.HikariDataSource - HikariPool-1 - Shutdown initiated...
2025-02-11 09:28:51 [SpringApplicationShutdownHook] INFO  com.zaxxer.hikari.HikariDataSource - HikariPool-1 - Shutdown completed.
2025-02-11 09:28:55 [background-preinit] INFO  o.h.validator.internal.util.Version - HV000001: Hibernate Validator 8.0.1.Final
2025-02-11 09:28:55 [main] INFO  c.e.i.IdentityServiceApplication - Starting IdentityServiceApplication using Java 23.0.2 with PID 28032 (C:\Code\Java\identity_service\target\classes started by Duong in C:\Code\Java\identity_service)
2025-02-11 09:28:55 [main] INFO  c.e.i.IdentityServiceApplication - The following 1 profile is active: "prod"
2025-02-11 09:28:56 [main] INFO  o.s.d.r.c.RepositoryConfigurationDelegate - Bootstrapping Spring Data JPA repositories in DEFAULT mode.
2025-02-11 09:28:56 [main] INFO  o.s.d.r.c.RepositoryConfigurationDelegate - Finished Spring Data repository scanning in 85 ms. Found 12 JPA repository interfaces.
2025-02-11 09:28:57 [main] INFO  o.s.b.w.e.tomcat.TomcatWebServer - Tomcat initialized with port 8080 (http)
2025-02-11 09:28:57 [main] INFO  o.a.coyote.http11.Http11NioProtocol - Initializing ProtocolHandler ["http-nio-8080"]
2025-02-11 09:28:57 [main] INFO  o.a.catalina.core.StandardService - Starting service [Tomcat]
2025-02-11 09:28:57 [main] INFO  o.a.catalina.core.StandardEngine - Starting Servlet engine: [Apache Tomcat/10.1.18]
2025-02-11 09:28:57 [main] INFO  o.a.c.c.C.[.[.[/identity_service] - Initializing Spring embedded WebApplicationContext
2025-02-11 09:28:57 [main] INFO  o.s.b.w.s.c.ServletWebServerApplicationContext - Root WebApplicationContext: initialization completed in 1378 ms
2025-02-11 09:28:57 [main] INFO  o.h.jpa.internal.util.LogHelper - HHH000204: Processing PersistenceUnitInfo [name: default]
2025-02-11 09:28:57 [main] INFO  org.hibernate.Version - HHH000412: Hibernate ORM core version 6.4.1.Final
2025-02-11 09:28:57 [main] INFO  o.h.c.i.RegionFactoryInitiator - HHH000026: Second-level cache disabled
2025-02-11 09:28:57 [main] INFO  o.s.o.j.p.SpringPersistenceUnitInfo - No LoadTimeWeaver setup: ignoring JPA class transformer
2025-02-11 09:28:57 [main] INFO  com.zaxxer.hikari.HikariDataSource - HikariPool-1 - Starting...
2025-02-11 09:28:57 [main] INFO  com.zaxxer.hikari.pool.HikariPool - HikariPool-1 - Added connection com.mysql.cj.jdbc.ConnectionImpl@6cc90398
2025-02-11 09:28:57 [main] INFO  com.zaxxer.hikari.HikariDataSource - HikariPool-1 - Start completed.
2025-02-11 09:28:59 [main] INFO  o.h.e.t.j.p.i.JtaPlatformInitiator - HHH000489: No JTA platform available (set 'hibernate.transaction.jta.platform' to enable JTA platform integration)
2025-02-11 09:28:59 [main] INFO  o.s.o.j.LocalContainerEntityManagerFactoryBean - Initialized JPA EntityManagerFactory for persistence unit 'default'
2025-02-11 09:28:59 [main] INFO  o.s.d.j.r.query.QueryEnhancerFactory - Hibernate is in classpath; If applicable, HQL parser will be used.
2025-02-11 09:29:00 [main] WARN  o.s.b.a.o.j.JpaBaseConfiguration$JpaWebConfiguration - spring.jpa.open-in-view is enabled by default. Therefore, database queries may be performed during view rendering. Explicitly configure spring.jpa.open-in-view to disable this warning
2025-02-11 09:29:00 [main] INFO  o.s.s.web.DefaultSecurityFilterChain - Will secure any request with [org.springframework.security.web.session.DisableEncodeUrlFilter@ace45e9, org.springframework.security.web.context.request.async.WebAsyncManagerIntegrationFilter@5c943847, org.springframework.security.web.context.SecurityContextHolderFilter@730c4dfd, org.springframework.security.web.header.HeaderWriterFilter@793f2b41, org.springframework.web.filter.CorsFilter@3e242137, org.springframework.security.web.authentication.logout.LogoutFilter@3f02dc34, org.springframework.security.oauth2.server.resource.web.authentication.BearerTokenAuthenticationFilter@48c42253, org.springframework.security.web.savedrequest.RequestCacheAwareFilter@1bb509a6, org.springframework.security.web.servletapi.SecurityContextHolderAwareRequestFilter@280d1d8d, org.springframework.security.web.authentication.AnonymousAuthenticationFilter@352b5f3c, org.springframework.security.web.access.ExceptionTranslationFilter@64bed8b2, org.springframework.security.web.access.intercept.AuthorizationFilter@59e02113]
2025-02-11 09:29:01 [main] INFO  o.a.coyote.http11.Http11NioProtocol - Starting ProtocolHandler ["http-nio-8080"]
2025-02-11 09:29:01 [main] INFO  o.s.b.w.e.tomcat.TomcatWebServer - Tomcat started on port 8080 (http) with context path '/identity_service'
2025-02-11 09:29:01 [main] INFO  c.e.i.IdentityServiceApplication - Started IdentityServiceApplication in 5.881 seconds (process running for 6.587)
2025-02-11 09:29:42 [http-nio-8080-exec-1] INFO  o.a.c.c.C.[.[.[/identity_service] - Initializing Spring DispatcherServlet 'dispatcherServlet'
2025-02-11 09:29:42 [http-nio-8080-exec-1] INFO  o.s.web.servlet.DispatcherServlet - Initializing Servlet 'dispatcherServlet'
2025-02-11 09:29:42 [http-nio-8080-exec-1] INFO  o.s.web.servlet.DispatcherServlet - Completed initialization in 1 ms
2025-02-11 09:32:55 [SpringApplicationShutdownHook] INFO  o.s.o.j.LocalContainerEntityManagerFactoryBean - Closing JPA EntityManagerFactory for persistence unit 'default'
2025-02-11 09:32:55 [SpringApplicationShutdownHook] INFO  com.zaxxer.hikari.HikariDataSource - HikariPool-1 - Shutdown initiated...
2025-02-11 09:32:55 [SpringApplicationShutdownHook] INFO  com.zaxxer.hikari.HikariDataSource - HikariPool-1 - Shutdown completed.
2025-02-11 09:32:59 [background-preinit] INFO  o.h.validator.internal.util.Version - HV000001: Hibernate Validator 8.0.1.Final
2025-02-11 09:32:59 [main] INFO  c.e.i.IdentityServiceApplication - Starting IdentityServiceApplication using Java 23.0.2 with PID 10328 (C:\Code\Java\identity_service\target\classes started by Duong in C:\Code\Java\identity_service)
2025-02-11 09:32:59 [main] INFO  c.e.i.IdentityServiceApplication - The following 1 profile is active: "prod"
2025-02-11 09:32:59 [main] INFO  o.s.d.r.c.RepositoryConfigurationDelegate - Bootstrapping Spring Data JPA repositories in DEFAULT mode.
2025-02-11 09:33:00 [main] INFO  o.s.d.r.c.RepositoryConfigurationDelegate - Finished Spring Data repository scanning in 87 ms. Found 12 JPA repository interfaces.
2025-02-11 09:33:00 [main] INFO  o.s.b.w.e.tomcat.TomcatWebServer - Tomcat initialized with port 8080 (http)
2025-02-11 09:33:00 [main] INFO  o.a.coyote.http11.Http11NioProtocol - Initializing ProtocolHandler ["http-nio-8080"]
2025-02-11 09:33:00 [main] INFO  o.a.catalina.core.StandardService - Starting service [Tomcat]
2025-02-11 09:33:00 [main] INFO  o.a.catalina.core.StandardEngine - Starting Servlet engine: [Apache Tomcat/10.1.18]
2025-02-11 09:33:00 [main] INFO  o.a.c.c.C.[.[.[/identity_service] - Initializing Spring embedded WebApplicationContext
2025-02-11 09:33:00 [main] INFO  o.s.b.w.s.c.ServletWebServerApplicationContext - Root WebApplicationContext: initialization completed in 1373 ms
2025-02-11 09:33:00 [main] INFO  o.h.jpa.internal.util.LogHelper - HHH000204: Processing PersistenceUnitInfo [name: default]
2025-02-11 09:33:00 [main] INFO  org.hibernate.Version - HHH000412: Hibernate ORM core version 6.4.1.Final
2025-02-11 09:33:00 [main] INFO  o.h.c.i.RegionFactoryInitiator - HHH000026: Second-level cache disabled
2025-02-11 09:33:01 [main] INFO  o.s.o.j.p.SpringPersistenceUnitInfo - No LoadTimeWeaver setup: ignoring JPA class transformer
2025-02-11 09:33:01 [main] INFO  com.zaxxer.hikari.HikariDataSource - HikariPool-1 - Starting...
2025-02-11 09:33:01 [main] INFO  com.zaxxer.hikari.pool.HikariPool - HikariPool-1 - Added connection com.mysql.cj.jdbc.ConnectionImpl@6b6fd0
2025-02-11 09:33:01 [main] INFO  com.zaxxer.hikari.HikariDataSource - HikariPool-1 - Start completed.
2025-02-11 09:33:02 [main] INFO  o.h.e.t.j.p.i.JtaPlatformInitiator - HHH000489: No JTA platform available (set 'hibernate.transaction.jta.platform' to enable JTA platform integration)
2025-02-11 09:33:02 [main] INFO  o.s.o.j.LocalContainerEntityManagerFactoryBean - Initialized JPA EntityManagerFactory for persistence unit 'default'
2025-02-11 09:33:03 [main] INFO  o.s.d.j.r.query.QueryEnhancerFactory - Hibernate is in classpath; If applicable, HQL parser will be used.
2025-02-11 09:33:03 [main] WARN  o.s.b.a.o.j.JpaBaseConfiguration$JpaWebConfiguration - spring.jpa.open-in-view is enabled by default. Therefore, database queries may be performed during view rendering. Explicitly configure spring.jpa.open-in-view to disable this warning
2025-02-11 09:33:04 [main] INFO  o.s.s.web.DefaultSecurityFilterChain - Will secure any request with [org.springframework.security.web.session.DisableEncodeUrlFilter@5c943847, org.springframework.security.web.context.request.async.WebAsyncManagerIntegrationFilter@352b5f3c, org.springframework.security.web.context.SecurityContextHolderFilter@736905fe, org.springframework.security.web.header.HeaderWriterFilter@49442e03, org.springframework.web.filter.CorsFilter@273e622f, org.springframework.security.web.authentication.logout.LogoutFilter@7f49fa1d, org.springframework.security.oauth2.server.resource.web.authentication.BearerTokenAuthenticationFilter@32647dde, org.springframework.security.web.savedrequest.RequestCacheAwareFilter@280d1d8d, org.springframework.security.web.servletapi.SecurityContextHolderAwareRequestFilter@397fced4, org.springframework.security.web.authentication.AnonymousAuthenticationFilter@24305eca, org.springframework.security.web.access.ExceptionTranslationFilter@2555b92, org.springframework.security.web.access.intercept.AuthorizationFilter@59a79420]
2025-02-11 09:33:04 [main] INFO  o.a.coyote.http11.Http11NioProtocol - Starting ProtocolHandler ["http-nio-8080"]
2025-02-11 09:33:04 [main] INFO  o.s.b.w.e.tomcat.TomcatWebServer - Tomcat started on port 8080 (http) with context path '/identity_service'
2025-02-11 09:33:04 [main] INFO  c.e.i.IdentityServiceApplication - Started IdentityServiceApplication in 5.77 seconds (process running for 6.418)
2025-02-11 09:33:07 [http-nio-8080-exec-3] INFO  o.a.c.c.C.[.[.[/identity_service] - Initializing Spring DispatcherServlet 'dispatcherServlet'
2025-02-11 09:33:07 [http-nio-8080-exec-3] INFO  o.s.web.servlet.DispatcherServlet - Initializing Servlet 'dispatcherServlet'
2025-02-11 09:33:07 [http-nio-8080-exec-3] INFO  o.s.web.servlet.DispatcherServlet - Completed initialization in 1 ms
2025-02-11 09:46:22 [http-nio-8080-exec-1] INFO  c.e.i.service.CategoryService - Creating category: Business
2025-02-11 09:46:35 [http-nio-8080-exec-3] INFO  c.e.i.service.CategoryService - Creating category: Comics
2025-02-11 09:46:50 [http-nio-8080-exec-5] INFO  c.e.i.service.CategoryService - Creating category: Cooking
2025-02-11 09:47:00 [http-nio-8080-exec-4] INFO  c.e.i.service.CategoryService - Creating category: History
2025-02-11 09:47:18 [http-nio-8080-exec-2] INFO  c.e.i.service.CategoryService - Creating category: Horror
2025-02-11 09:47:28 [http-nio-8080-exec-6] INFO  c.e.i.service.CategoryService - Creating category: Medical
2025-02-11 09:48:06 [http-nio-8080-exec-6] INFO  c.e.i.controller.BookController - Get Book by id: b13cbb58-d077-4696-907b-5c1d50ab9e31
2025-02-11 09:48:06 [http-nio-8080-exec-1] INFO  c.e.i.controller.BookController - Get Book by id: b13cbb58-d077-4696-907b-5c1d50ab9e31
2025-02-11 09:48:10 [http-nio-8080-exec-10] INFO  c.e.i.controller.BookController - Get Book by id: c793d50c-61b1-431c-b379-ddb0d6a9983e
2025-02-11 09:48:10 [http-nio-8080-exec-1] INFO  c.e.i.controller.BookController - Get Book by id: c793d50c-61b1-431c-b379-ddb0d6a9983e
2025-02-11 09:48:14 [http-nio-8080-exec-6] INFO  c.e.i.controller.BookController - Get Book by id: c793d50c-61b1-431c-b379-ddb0d6a9983e
2025-02-11 09:48:15 [http-nio-8080-exec-9] INFO  c.e.i.controller.BookController - Get Book by id: c793d50c-61b1-431c-b379-ddb0d6a9983e
2025-02-11 09:56:21 [SpringApplicationShutdownHook] INFO  o.s.o.j.LocalContainerEntityManagerFactoryBean - Closing JPA EntityManagerFactory for persistence unit 'default'
2025-02-11 09:56:21 [SpringApplicationShutdownHook] INFO  com.zaxxer.hikari.HikariDataSource - HikariPool-1 - Shutdown initiated...
2025-02-11 09:56:21 [SpringApplicationShutdownHook] INFO  com.zaxxer.hikari.HikariDataSource - HikariPool-1 - Shutdown completed.
2025-02-11 09:56:25 [background-preinit] INFO  o.h.validator.internal.util.Version - HV000001: Hibernate Validator 8.0.1.Final
2025-02-11 09:56:25 [main] INFO  c.e.i.IdentityServiceApplication - Starting IdentityServiceApplication using Java 23.0.2 with PID 24700 (C:\Code\Java\identity_service\target\classes started by Duong in C:\Code\Java\identity_service)
2025-02-11 09:56:25 [main] INFO  c.e.i.IdentityServiceApplication - The following 1 profile is active: "prod"
2025-02-11 09:56:26 [main] INFO  o.s.d.r.c.RepositoryConfigurationDelegate - Bootstrapping Spring Data JPA repositories in DEFAULT mode.
2025-02-11 09:56:26 [main] INFO  o.s.d.r.c.RepositoryConfigurationDelegate - Finished Spring Data repository scanning in 75 ms. Found 12 JPA repository interfaces.
2025-02-11 09:56:26 [main] INFO  o.s.b.w.e.tomcat.TomcatWebServer - Tomcat initialized with port 8080 (http)
2025-02-11 09:56:26 [main] INFO  o.a.coyote.http11.Http11NioProtocol - Initializing ProtocolHandler ["http-nio-8080"]
2025-02-11 09:56:26 [main] INFO  o.a.catalina.core.StandardService - Starting service [Tomcat]
2025-02-11 09:56:26 [main] INFO  o.a.catalina.core.StandardEngine - Starting Servlet engine: [Apache Tomcat/10.1.18]
2025-02-11 09:56:26 [main] INFO  o.a.c.c.C.[.[.[/identity_service] - Initializing Spring embedded WebApplicationContext
2025-02-11 09:56:26 [main] INFO  o.s.b.w.s.c.ServletWebServerApplicationContext - Root WebApplicationContext: initialization completed in 1292 ms
2025-02-11 09:56:27 [main] INFO  o.h.jpa.internal.util.LogHelper - HHH000204: Processing PersistenceUnitInfo [name: default]
2025-02-11 09:56:27 [main] INFO  org.hibernate.Version - HHH000412: Hibernate ORM core version 6.4.1.Final
2025-02-11 09:56:27 [main] INFO  o.h.c.i.RegionFactoryInitiator - HHH000026: Second-level cache disabled
2025-02-11 09:56:27 [main] INFO  o.s.o.j.p.SpringPersistenceUnitInfo - No LoadTimeWeaver setup: ignoring JPA class transformer
2025-02-11 09:56:27 [main] INFO  com.zaxxer.hikari.HikariDataSource - HikariPool-1 - Starting...
2025-02-11 09:56:27 [main] INFO  com.zaxxer.hikari.pool.HikariPool - HikariPool-1 - Added connection com.mysql.cj.jdbc.ConnectionImpl@1b98355f
2025-02-11 09:56:27 [main] INFO  com.zaxxer.hikari.HikariDataSource - HikariPool-1 - Start completed.
2025-02-11 09:56:28 [main] INFO  o.h.e.t.j.p.i.JtaPlatformInitiator - HHH000489: No JTA platform available (set 'hibernate.transaction.jta.platform' to enable JTA platform integration)
2025-02-11 09:56:29 [main] INFO  o.s.o.j.LocalContainerEntityManagerFactoryBean - Initialized JPA EntityManagerFactory for persistence unit 'default'
2025-02-11 09:56:29 [main] INFO  o.s.d.j.r.query.QueryEnhancerFactory - Hibernate is in classpath; If applicable, HQL parser will be used.
2025-02-11 09:56:30 [main] WARN  o.s.b.a.o.j.JpaBaseConfiguration$JpaWebConfiguration - spring.jpa.open-in-view is enabled by default. Therefore, database queries may be performed during view rendering. Explicitly configure spring.jpa.open-in-view to disable this warning
2025-02-11 09:56:30 [main] INFO  o.s.s.web.DefaultSecurityFilterChain - Will secure any request with [org.springframework.security.web.session.DisableEncodeUrlFilter@67c64b9c, org.springframework.security.web.context.request.async.WebAsyncManagerIntegrationFilter@311d8595, org.springframework.security.web.context.SecurityContextHolderFilter@22fb60f3, org.springframework.security.web.header.HeaderWriterFilter@785aeba9, org.springframework.web.filter.CorsFilter@46059b73, org.springframework.security.web.authentication.logout.LogoutFilter@605790e5, org.springframework.security.oauth2.server.resource.web.authentication.BearerTokenAuthenticationFilter@379ddab2, org.springframework.security.web.savedrequest.RequestCacheAwareFilter@5abfb698, org.springframework.security.web.servletapi.SecurityContextHolderAwareRequestFilter@61ce2d47, org.springframework.security.web.authentication.AnonymousAuthenticationFilter@688c914e, org.springframework.security.web.access.ExceptionTranslationFilter@75f67ea7, org.springframework.security.web.access.intercept.AuthorizationFilter@352b5f3c]
2025-02-11 09:56:30 [main] INFO  o.a.coyote.http11.Http11NioProtocol - Starting ProtocolHandler ["http-nio-8080"]
2025-02-11 09:56:30 [main] INFO  o.s.b.w.e.tomcat.TomcatWebServer - Tomcat started on port 8080 (http) with context path '/identity_service'
2025-02-11 09:56:30 [main] INFO  c.e.i.IdentityServiceApplication - Started IdentityServiceApplication in 5.71 seconds (process running for 6.365)
2025-02-11 09:56:37 [http-nio-8080-exec-1] INFO  o.a.c.c.C.[.[.[/identity_service] - Initializing Spring DispatcherServlet 'dispatcherServlet'
2025-02-11 09:56:37 [http-nio-8080-exec-1] INFO  o.s.web.servlet.DispatcherServlet - Initializing Servlet 'dispatcherServlet'
2025-02-11 09:56:37 [http-nio-8080-exec-1] INFO  o.s.web.servlet.DispatcherServlet - Completed initialization in 1 ms
2025-02-11 09:56:37 [http-nio-8080-exec-2] INFO  c.e.i.service.CartService - request: b13cbb58-d077-4696-907b-5c1d50ab9e31
2025-02-11 09:56:37 [http-nio-8080-exec-2] INFO  c.e.i.service.CartService - add to cart: com.example.identity_service.entity.Cart@53b79bdf
2025-02-11 09:56:43 [http-nio-8080-exec-6] INFO  c.e.i.service.RentalService - Rentals book: 2
